[2019-05-07 10:24:31,603] - [INFO] - Save image upload: static\uploads\2019-05-07_102431_bien-so-xe-may-dep-14.jpg
[2019-05-07 10:24:54,193] - [INFO] - Detect image upload: static\uploads\2019-05-07_102431_bien-so-xe-may-dep-14.jpg
[2019-05-07 10:27:14,841] - [INFO] - Save image upload: static\uploads\2019-05-07_102714_bien-so-xe-may-dep-14.jpg
[2019-05-07 10:27:15,876] - [INFO] - Save image upload: static\uploads\2019-05-07_102715_bien-so-xe-may-dep-14.jpg
[2019-05-07 10:27:19,066] - [INFO] - Save image upload: static\uploads\2019-05-07_102719_bien-so-xe-may-dep-14.jpg
[2019-05-07 10:34:50,575] - [INFO] - Save image upload: static\uploads\2019-05-07_103450_57538009_436429520450363_5271064713562685440_n.jpg
[2019-05-07 10:35:12,937] - [INFO] - Detect image upload: static\uploads\2019-05-07_103450_57538009_436429520450363_5271064713562685440_n.jpg
[2019-05-07 10:35:44,151] - [INFO] - Save image upload: static\uploads\2019-05-07_103544_bien-so-xe-may-dep-14.jpg
[2019-05-07 10:35:57,726] - [INFO] - Save image upload: static\uploads\2019-05-07_103557_bien-so-xe-may-dep-14.jpg
[2019-05-07 10:37:05,084] - [INFO] - Save image upload: static\uploads\2019-05-07_103705_bien-so-xe-may-dep-14.jpg
[2019-05-07 10:37:26,686] - [INFO] - Detect image upload: static\uploads\2019-05-07_103705_bien-so-xe-may-dep-14.jpg
[2019-05-07 10:41:10,085] - [INFO] - Save image upload: static\uploads\2019-05-07_104110_bien-so-xe-may-dep-14.jpg
[2019-05-07 10:41:32,301] - [INFO] - Detect image upload: static\uploads\2019-05-07_104110_bien-so-xe-may-dep-14.jpg
[2019-05-07 10:47:03,760] - [INFO] - Save image upload: static\uploads\2019-05-07_104703_57538009_436429520450363_5271064713562685440_n.jpg
[2019-05-07 10:47:04,400] - [INFO] - Save image upload: static\uploads\2019-05-07_104704_57538009_436429520450363_5271064713562685440_n.jpg
[2019-05-07 10:47:05,042] - [INFO] - Save image upload: static\uploads\2019-05-07_104705_57538009_436429520450363_5271064713562685440_n.jpg
[2019-05-07 10:47:05,262] - [INFO] - Save image upload: static\uploads\2019-05-07_104705_57538009_436429520450363_5271064713562685440_n.jpg
[2019-05-07 10:47:05,418] - [INFO] - Save image upload: static\uploads\2019-05-07_104705_57538009_436429520450363_5271064713562685440_n.jpg
[2019-05-07 10:47:05,598] - [INFO] - Save image upload: static\uploads\2019-05-07_104705_57538009_436429520450363_5271064713562685440_n.jpg
[2019-05-07 10:47:11,570] - [INFO] - Save image upload: static\uploads\2019-05-07_104711_bien-so-xe-may-dep-14.jpg
[2019-05-07 10:48:21,357] - [INFO] - Save image upload: static\uploads\2019-05-07_104821_bien-so-xe-may-dep-14.jpg
[2019-05-07 10:48:21,682] - [INFO] - Save image upload: static\uploads\2019-05-07_104821_bien-so-xe-may-dep-14.jpg
[2019-05-07 10:48:44,029] - [INFO] - Detect image upload: static\uploads\2019-05-07_104821_bien-so-xe-may-dep-14.jpg
[2019-05-07 10:50:50,217] - [INFO] - Save image upload: static\uploads\2019-05-07_105050_57538009_436429520450363_5271064713562685440_n.jpg
[2019-05-07 10:51:11,945] - [INFO] - Detect image upload: static\uploads\2019-05-07_105050_57538009_436429520450363_5271064713562685440_n.jpg
[2019-05-07 10:55:39,664] - [INFO] - Save image upload: static\uploads\2019-05-07_105539_bien-so-xe-may-dep-14.jpg
[2019-05-07 10:56:28,595] - [INFO] - Detect image upload: static\uploads\2019-05-07_105539_bien-so-xe-may-dep-14.jpg
[2019-05-07 11:04:52,634] - [INFO] - Save image upload: static\uploads\2019-05-07_110452_57538009_436429520450363_5271064713562685440_n.jpg
[2019-05-07 11:09:45,892] - [INFO] - Save image upload: static\uploads\2019-05-07_110945_57538009_436429520450363_5271064713562685440_n.jpg
[2019-05-07 11:10:09,968] - [INFO] - Detect image upload: static\uploads\2019-05-07_110945_57538009_436429520450363_5271064713562685440_n.jpg
[2019-05-07 11:15:22,263] - [INFO] - Save image upload: static\uploads\2019-05-07_111522_bien-so-xe-may-dep-14.jpg
[2019-05-07 11:15:48,294] - [INFO] - Detect image upload: static\uploads\2019-05-07_111522_bien-so-xe-may-dep-14.jpg
[2019-05-07 13:11:12,262] - [INFO] - Save image upload: static\uploads\2019-05-07_131112_57538009_436429520450363_5271064713562685440_n.jpg
[2019-05-07 13:11:35,795] - [INFO] - Detect image upload: static\uploads\2019-05-07_131112_57538009_436429520450363_5271064713562685440_n.jpg
[2019-05-07 13:23:45,618] - [INFO] - Save image upload: static\uploads\2019-05-07_132345_57538009_436429520450363_5271064713562685440_n.jpg
[2019-05-07 13:23:47,685] - [INFO] - Save image upload: static\uploads\2019-05-07_132347_57538009_436429520450363_5271064713562685440_n.jpg
[2019-05-07 13:26:05,199] - [INFO] - Save image upload: static\uploads\2019-05-07_132605_57538009_436429520450363_5271064713562685440_n.jpg
[2019-05-07 13:40:27,907] - [INFO] - Detect image upload: static\uploads\2019-05-07_132605_57538009_436429520450363_5271064713562685440_n.jpg
[2019-05-07 13:44:19,218] - [INFO] - Save image upload: static\uploads\2019-05-07_134419_57538009_436429520450363_5271064713562685440_n.jpg
[2019-05-07 13:44:47,421] - [INFO] - Detect image upload: static\uploads\2019-05-07_134419_57538009_436429520450363_5271064713562685440_n.jpg
[2019-05-07 13:51:28,126] - [INFO] - Save image upload: static\uploads\2019-05-07_135128_57538009_436429520450363_5271064713562685440_n.jpg
[2019-05-07 13:51:52,023] - [INFO] - Detect image upload: static\uploads\2019-05-07_135128_57538009_436429520450363_5271064713562685440_n.jpg
[2019-05-07 13:58:56,758] - [INFO] - Save image upload: static\uploads\2019-05-07_135856_57538009_436429520450363_5271064713562685440_n.jpg
[2019-05-07 13:59:18,281] - [INFO] - Detect image upload: static\uploads\2019-05-07_135856_57538009_436429520450363_5271064713562685440_n.jpg
[2019-05-07 14:02:30,959] - [INFO] - Save image upload: static\uploads\2019-05-07_140230_57538009_436429520450363_5271064713562685440_n.jpg
[2019-05-07 14:02:59,916] - [INFO] - Detect image upload: static\uploads\2019-05-07_140230_57538009_436429520450363_5271064713562685440_n.jpg
[2019-05-07 14:06:13,705] - [INFO] - Save image upload: static\uploads\2019-05-07_140613_57538009_436429520450363_5271064713562685440_n.jpg
[2019-05-07 14:06:42,952] - [INFO] - Detect image upload: static\uploads\2019-05-07_140613_57538009_436429520450363_5271064713562685440_n.jpg
[2019-05-07 14:11:36,337] - [INFO] - Save image upload: static\uploads\2019-05-07_141136_57538009_436429520450363_5271064713562685440_n.jpg
[2019-05-07 14:12:06,269] - [INFO] - Detect image upload: static\uploads\2019-05-07_141136_57538009_436429520450363_5271064713562685440_n.jpg
[2019-05-07 14:15:46,668] - [INFO] - Save image upload: static\uploads\2019-05-07_141546_57538009_436429520450363_5271064713562685440_n.jpg
[2019-05-07 14:16:14,425] - [INFO] - Detect image upload: static\uploads\2019-05-07_141546_57538009_436429520450363_5271064713562685440_n.jpg
[2019-05-07 14:25:22,347] - [INFO] - Save image upload: static\uploads\2019-05-07_142522_57538009_436429520450363_5271064713562685440_n.jpg
[2019-05-07 14:25:50,659] - [INFO] - Detect image upload: static\uploads\2019-05-07_142522_57538009_436429520450363_5271064713562685440_n.jpg
[2019-05-07 14:43:33,488] - [INFO] - Save image upload: static\uploads\2019-05-07_144333_57538009_436429520450363_5271064713562685440_n.jpg
[2019-05-07 14:43:59,417] - [INFO] - Detect image upload: static\uploads\2019-05-07_144333_57538009_436429520450363_5271064713562685440_n.jpg
[2019-05-07 14:46:04,025] - [INFO] - Save image upload: static\uploads\2019-05-07_144604_57538009_436429520450363_5271064713562685440_n.jpg
[2019-05-07 14:46:24,934] - [INFO] - Detect image upload: static\uploads\2019-05-07_144604_57538009_436429520450363_5271064713562685440_n.jpg
[2019-05-07 14:48:13,300] - [INFO] - Save image upload: static\uploads\2019-05-07_144813_57538009_436429520450363_5271064713562685440_n.jpg
[2019-05-07 14:48:38,613] - [INFO] - Detect image upload: static\uploads\2019-05-07_144813_57538009_436429520450363_5271064713562685440_n.jpg
[2019-05-07 15:05:30,726] - [INFO] - Save image upload: static\uploads\2019-05-07_150530_57538009_436429520450363_5271064713562685440_n.jpg
[2019-05-07 15:06:01,084] - [INFO] - Detect image upload: static\uploads\2019-05-07_150530_57538009_436429520450363_5271064713562685440_n.jpg
[2019-05-07 15:07:46,299] - [INFO] - Save image upload: static\uploads\2019-05-07_150746_57538009_436429520450363_5271064713562685440_n.jpg
[2019-05-07 15:08:15,805] - [INFO] - Detect image upload: static\uploads\2019-05-07_150746_57538009_436429520450363_5271064713562685440_n.jpg
[2019-05-07 15:11:12,572] - [INFO] - Save image upload: static\uploads\2019-05-07_151112_57538009_436429520450363_5271064713562685440_n.jpg
[2019-05-07 15:11:39,883] - [INFO] - Detect image upload: static\uploads\2019-05-07_151112_57538009_436429520450363_5271064713562685440_n.jpg
[2019-05-07 15:14:59,522] - [INFO] - Save image upload: static\uploads\2019-05-07_151459_57538009_436429520450363_5271064713562685440_n.jpg
[2019-05-07 15:15:29,847] - [INFO] - Detect image upload: static\uploads\2019-05-07_151459_57538009_436429520450363_5271064713562685440_n.jpg
[2019-05-07 15:23:34,142] - [INFO] - Save image upload: static\uploads\2019-05-07_152334_57538009_436429520450363_5271064713562685440_n.jpg
[2019-05-07 15:24:04,817] - [INFO] - Detect image upload: static\uploads\2019-05-07_152334_57538009_436429520450363_5271064713562685440_n.jpg
[2019-05-07 15:33:37,733] - [INFO] - Save image upload: static\uploads\2019-05-07_153337_57538009_436429520450363_5271064713562685440_n.jpg
[2019-05-07 15:34:04,575] - [INFO] - Detect image upload: static\uploads\2019-05-07_153337_57538009_436429520450363_5271064713562685440_n.jpg
[2019-05-07 15:37:29,891] - [INFO] - Save image upload: static\uploads\2019-05-07_153729_57538009_436429520450363_5271064713562685440_n.jpg
[2019-05-07 15:37:56,114] - [INFO] - Detect image upload: static\uploads\2019-05-07_153729_57538009_436429520450363_5271064713562685440_n.jpg
[2019-05-07 16:23:35,033] - [INFO] - Save image upload: static\uploads\2019-05-07_162335_57538009_436429520450363_5271064713562685440_n.jpg
[2019-05-07 16:23:57,744] - [INFO] - Detect image upload: static\uploads\2019-05-07_162335_57538009_436429520450363_5271064713562685440_n.jpg
[2019-05-07 16:24:56,675] - [INFO] - Save image upload: static\uploads\2019-05-07_162456_bien-so-xe-may-dep-14.jpg
[2019-05-07 16:25:18,216] - [INFO] - Detect image upload: static\uploads\2019-05-07_162456_bien-so-xe-may-dep-14.jpg
[2019-05-07 16:26:45,138] - [INFO] - Save image upload: static\uploads\2019-05-07_162645_51861056_1766177140155057_7402078463357616128_n.jpg
[2019-05-07 16:27:07,254] - [INFO] - Detect image upload: static\uploads\2019-05-07_162645_51861056_1766177140155057_7402078463357616128_n.jpg
[2019-05-07 16:27:38,941] - [INFO] - Save image upload: static\uploads\2019-05-07_162738_51146942_387765635118424_3362895556669079552_n.jpg
[2019-05-07 16:27:59,285] - [INFO] - Detect image upload: static\uploads\2019-05-07_162738_51146942_387765635118424_3362895556669079552_n.jpg
[2019-05-09 09:55:23,602] - [INFO] - Save image upload: static\uploads\2019-05-09_095523_59667907_292668028328117_4509002983991672832_n.jpg
[2019-05-09 09:55:48,705] - [INFO] - Detect image upload: static\uploads\2019-05-09_095523_59667907_292668028328117_4509002983991672832_n.jpg
[2019-05-09 10:12:48,110] - [INFO] - Save image upload: static\uploads\2019-05-09_101248_57538009_436429520450363_5271064713562685440_n.jpg
[2019-05-09 10:13:15,536] - [INFO] - Detect image upload: static\uploads\2019-05-09_101248_57538009_436429520450363_5271064713562685440_n.jpg
[2019-05-09 10:29:56,604] - [INFO] - Save image upload: static\uploads\2019-05-09_102956_57538009_436429520450363_5271064713562685440_n.jpg
[2019-05-09 10:30:20,014] - [INFO] - Detect image upload: static\uploads\2019-05-09_102956_57538009_436429520450363_5271064713562685440_n.jpg
[2019-05-09 14:37:23,319] - [INFO] - Save image upload: static\uploads\2019-05-09_143723_57538009_436429520450363_5271064713562685440_n.jpg
[2019-05-09 14:37:47,760] - [INFO] - Detect image upload: static\uploads\2019-05-09_143723_57538009_436429520450363_5271064713562685440_n.jpg
[2019-05-09 14:39:50,182] - [INFO] - Save image upload: static\uploads\2019-05-09_143950_57538009_436429520450363_5271064713562685440_n.jpg
[2019-05-09 14:40:12,711] - [INFO] - Detect image upload: static\uploads\2019-05-09_143950_57538009_436429520450363_5271064713562685440_n.jpg
[2019-05-10 10:44:22,168] - [INFO] - Save image upload: static\uploads\2019-05-10_104422_bien-so-xe-may-dep-14.jpg
[2019-05-10 10:44:46,195] - [INFO] - Detect image upload: static\uploads\2019-05-10_104422_bien-so-xe-may-dep-14.jpg
[2019-05-10 10:45:18,828] - [INFO] - Save image upload: static\uploads\2019-05-10_104518_51146942_387765635118424_3362895556669079552_n.jpg
[2019-05-10 10:45:42,595] - [INFO] - Detect image upload: static\uploads\2019-05-10_104518_51146942_387765635118424_3362895556669079552_n.jpg
[2019-05-10 10:47:16,483] - [INFO] - Save image upload: static\uploads\2019-05-10_104716_bien-so_hcaj_thumb.jpg
[2019-05-10 10:47:37,021] - [INFO] - Detect image upload: static\uploads\2019-05-10_104716_bien-so_hcaj_thumb.jpg
[2019-05-10 10:48:45,202] - [INFO] - Save image upload: static\uploads\2019-05-10_104845_51146942_387765635118424_3362895556669079552_n.jpg
[2019-05-10 10:49:07,440] - [INFO] - Detect image upload: static\uploads\2019-05-10_104845_51146942_387765635118424_3362895556669079552_n.jpg
[2019-05-10 10:52:54,160] - [INFO] - Save image upload: static\uploads\2019-05-10_105254_51146942_387765635118424_3362895556669079552_n.jpg
[2019-05-10 10:53:15,622] - [INFO] - Detect image upload: static\uploads\2019-05-10_105254_51146942_387765635118424_3362895556669079552_n.jpg
[2019-05-10 10:55:03,051] - [INFO] - Save image upload: static\uploads\2019-05-10_105503_51146942_387765635118424_3362895556669079552_n.jpg
[2019-05-10 10:55:25,036] - [INFO] - Detect image upload: static\uploads\2019-05-10_105503_51146942_387765635118424_3362895556669079552_n.jpg
[2019-05-10 10:57:04,002] - [INFO] - Save image upload: static\uploads\2019-05-10_105704_bien-so-xe-may-dep-14.jpg
[2019-05-10 10:57:24,909] - [INFO] - Detect image upload: static\uploads\2019-05-10_105704_bien-so-xe-may-dep-14.jpg
[2019-05-10 10:58:34,042] - [INFO] - Save image upload: static\uploads\2019-05-10_105834_bien-so_hcaj_thumb.jpg
[2019-05-10 10:58:55,748] - [INFO] - Detect image upload: static\uploads\2019-05-10_105834_bien-so_hcaj_thumb.jpg
[2019-05-10 11:00:37,736] - [INFO] - Save image upload: static\uploads\2019-05-10_110037_51146942_387765635118424_3362895556669079552_n.jpg
[2019-05-10 11:00:58,533] - [INFO] - Detect image upload: static\uploads\2019-05-10_110037_51146942_387765635118424_3362895556669079552_n.jpg
[2019-05-10 11:01:35,593] - [INFO] - Save image upload: static\uploads\2019-05-10_110135_bien-so-xe-may-dep-14.jpg
[2019-05-10 11:01:56,580] - [INFO] - Detect image upload: static\uploads\2019-05-10_110135_bien-so-xe-may-dep-14.jpg
[2019-05-10 11:02:52,791] - [INFO] - Save image upload: static\uploads\2019-05-10_110252_bien-so_hcaj_thumb.jpg
[2019-05-10 11:03:13,727] - [INFO] - Detect image upload: static\uploads\2019-05-10_110252_bien-so_hcaj_thumb.jpg
[2019-05-10 11:03:45,969] - [INFO] - Save image upload: static\uploads\2019-05-10_110345_51861056_1766177140155057_7402078463357616128_n.jpg
[2019-05-10 11:04:07,117] - [INFO] - Detect image upload: static\uploads\2019-05-10_110345_51861056_1766177140155057_7402078463357616128_n.jpg
[2019-05-10 11:06:08,846] - [INFO] - Save image upload: static\uploads\2019-05-10_110608_a2.jpg
[2019-05-10 11:06:30,051] - [INFO] - Detect image upload: static\uploads\2019-05-10_110608_a2.jpg
[2019-05-10 12:55:28,333] - [INFO] - Save image upload: static\uploads\2019-05-10_125528_59817839_1142919679213415_1583232250768523264_n.jpg
[2019-05-10 12:55:50,337] - [INFO] - Detect image upload: static\uploads\2019-05-10_125528_59817839_1142919679213415_1583232250768523264_n.jpg
[2019-05-10 12:56:36,803] - [INFO] - Save image upload: static\uploads\2019-05-10_125636_59885959_409758439577028_7947224286983356416_n.jpg
[2019-05-10 12:56:58,389] - [INFO] - Detect image upload: static\uploads\2019-05-10_125636_59885959_409758439577028_7947224286983356416_n.jpg
[2019-05-10 12:57:29,361] - [INFO] - Save image upload: static\uploads\2019-05-10_125729_59844167_353699231933079_1656065468655468544_n.jpg
[2019-05-10 12:57:50,760] - [INFO] - Detect image upload: static\uploads\2019-05-10_125729_59844167_353699231933079_1656065468655468544_n.jpg
[2019-05-10 12:58:29,776] - [INFO] - Save image upload: static\uploads\2019-05-10_125829_51861056_1766177140155057_7402078463357616128_n.jpg
[2019-05-10 12:58:50,997] - [INFO] - Detect image upload: static\uploads\2019-05-10_125829_51861056_1766177140155057_7402078463357616128_n.jpg
[2019-05-10 13:01:12,713] - [INFO] - Save image upload: static\uploads\2019-05-10_130112_51861056_1766177140155057_7402078463357616128_n.jpg
[2019-05-10 13:01:40,245] - [INFO] - Detect image upload: static\uploads\2019-05-10_130112_51861056_1766177140155057_7402078463357616128_n.jpg
[2019-05-10 13:03:48,850] - [INFO] - Save image upload: static\uploads\2019-05-10_130348_60029071_2231510206934060_3332218954620862464_n.jpg
[2019-05-10 13:04:18,165] - [INFO] - Detect image upload: static\uploads\2019-05-10_130348_60029071_2231510206934060_3332218954620862464_n.jpg
[2019-05-10 13:06:22,381] - [INFO] - Save image upload: static\uploads\2019-05-10_130622_57538009_436429520450363_5271064713562685440_n.jpg
[2019-05-10 13:06:44,866] - [INFO] - Detect image upload: static\uploads\2019-05-10_130622_57538009_436429520450363_5271064713562685440_n.jpg
[2019-05-10 13:07:34,640] - [INFO] - Save image upload: static\uploads\2019-05-10_130734_a2.jpg
[2019-05-10 13:07:57,159] - [INFO] - Detect image upload: static\uploads\2019-05-10_130734_a2.jpg
[2019-05-10 13:08:47,417] - [INFO] - Save image upload: static\uploads\2019-05-10_130847_60009946_596721280834608_6838277754224377856_n.jpg
[2019-05-10 13:09:09,422] - [INFO] - Detect image upload: static\uploads\2019-05-10_130847_60009946_596721280834608_6838277754224377856_n.jpg
[2019-05-10 13:10:01,192] - [INFO] - Save image upload: static\uploads\2019-05-10_131001_51861056_1766177140155057_7402078463357616128_n.jpg
[2019-05-10 13:10:26,363] - [INFO] - Detect image upload: static\uploads\2019-05-10_131001_51861056_1766177140155057_7402078463357616128_n.jpg
[2019-05-10 13:12:10,232] - [INFO] - Save image upload: static\uploads\2019-05-10_131210_nrln6f0kto5jv.jpg
[2019-05-10 13:12:35,473] - [INFO] - Detect image upload: static\uploads\2019-05-10_131210_nrln6f0kto5jv.jpg
[2019-05-10 13:13:33,004] - [INFO] - Save image upload: static\uploads\2019-05-10_131333_maxresdefault.jpg
[2019-05-10 13:13:55,834] - [INFO] - Detect image upload: static\uploads\2019-05-10_131333_maxresdefault.jpg
[2019-05-10 13:50:23,522] - [INFO] - Save image upload: static\uploads\2019-05-10_135023_57538009_436429520450363_5271064713562685440_n.jpg
[2019-05-10 13:50:50,481] - [INFO] - Detect image upload: static\uploads\2019-05-10_135023_57538009_436429520450363_5271064713562685440_n.jpg
[2019-05-10 14:49:57,564] - [INFO] - Save image upload: static\uploads\2019-05-10_144957_untitled.png
[2019-05-10 14:50:22,248] - [INFO] - Detect image upload: static\uploads\2019-05-10_144957_untitled.png
[2019-05-10 14:51:56,967] - [INFO] - Save image upload: static\uploads\2019-05-10_145156_untitled.png
[2019-05-10 14:52:20,879] - [INFO] - Detect image upload: static\uploads\2019-05-10_145156_untitled.png
[2019-05-11 18:55:50,119] - [INFO] - Save image upload: static\uploads\2019-05-11_185550_57538009_436429520450363_5271064713562685440_n.jpg
[2019-05-11 18:56:17,857] - [INFO] - Detect image upload: static\uploads\2019-05-11_185550_57538009_436429520450363_5271064713562685440_n.jpg
[2019-05-11 23:12:45,289] - [INFO] - Save image upload: static\uploads\2019-05-11_231245_bien-so-xe-may-dep-14.jpg
[2019-05-11 23:13:07,747] - [INFO] - Detect image upload: static\uploads\2019-05-11_231245_bien-so-xe-may-dep-14.jpg
[2019-05-11 23:16:08,183] - [INFO] - Save image upload: static\uploads\2019-05-11_231608_bien-so-xe-may-dep-14.jpg
[2019-05-11 23:16:33,499] - [INFO] - Detect image upload: static\uploads\2019-05-11_231608_bien-so-xe-may-dep-14.jpg
[2019-05-12 00:02:19,450] - [INFO] - Save image upload: static\uploads\2019-05-12_000219_bien-so-xe-may-dep-14.jpg
[2019-05-12 00:02:40,055] - [INFO] - Detect image upload: static\uploads\2019-05-12_000219_bien-so-xe-may-dep-14.jpg
[2019-05-18 12:01:36,112] - [INFO] - Save image upload: static\uploads\2019-05-18_120136_57538009_436429520450363_5271064713562685440_n.jpg
[2019-05-18 12:01:59,755] - [INFO] - Detect image upload: static\uploads\2019-05-18_120136_57538009_436429520450363_5271064713562685440_n.jpg
[2019-05-21 09:46:40,202] - [INFO] - Save image upload: static/uploads/2019-05-21_094640_64H28118.jpg
[2019-05-21 09:51:23,595] - [INFO] - Save image upload: static/uploads/2019-05-21_095123_65D100574.jpg
[2019-05-21 09:59:12,505] - [INFO] - Save image upload: static/uploads/2019-05-21_095912_anh_test.png
[2019-05-21 10:13:02,878] - [INFO] - Save image upload: static/uploads/2019-05-21_101302_anh_test.png
[2019-05-21 10:15:55,112] - [INFO] - Save image upload: static/uploads/2019-05-21_101555_anh_test.png
[2019-07-16 08:44:07,318] - [INFO] - Save image upload: static\uploads\2019-07-16_084407_2019-05-21_101302_anh_test.png
