[2019-05-07 10:24:55,000] - [INFO] - Run model YOLO with image: static\uploads\2019-05-07_102431_bien-so-xe-may-dep-14.jpg
[2019-05-07 10:25:31,609] - [INFO] - Save image label box: static\result\2019-05-07_102431_bien-so-xe-may-dep-14.png
[2019-05-07 10:35:13,375] - [INFO] - Run model YOLO with image: static\uploads\2019-05-07_103450_57538009_436429520450363_5271064713562685440_n.jpg
[2019-05-07 10:35:28,990] - [INFO] - Save image label box: static\result\2019-05-07_103450_57538009_436429520450363_5271064713562685440_n.png
[2019-05-07 10:37:27,020] - [INFO] - Run model YOLO with image: static\uploads\2019-05-07_103705_bien-so-xe-may-dep-14.jpg
[2019-05-07 10:38:03,704] - [INFO] - Save image label box: static\result\2019-05-07_103705_bien-so-xe-may-dep-14.png
[2019-05-07 10:41:32,650] - [INFO] - Run model YOLO with image: static\uploads\2019-05-07_104110_bien-so-xe-may-dep-14.jpg
[2019-05-07 10:41:47,698] - [ERROR] - Don't open image: static\uploads\2019-05-07_104110_bien-so-xe-may-dep-14.jpg
[2019-05-07 10:48:44,565] - [INFO] - Run model YOLO with image: static\uploads\2019-05-07_104821_bien-so-xe-may-dep-14.jpg
[2019-05-07 10:49:05,104] - [ERROR] - Don't open image: static\uploads\2019-05-07_104821_bien-so-xe-may-dep-14.jpg
[2019-05-07 10:51:11,998] - [INFO] - Run model YOLO with image: static\uploads\2019-05-07_105050_57538009_436429520450363_5271064713562685440_n.jpg
[2019-05-07 10:51:27,077] - [INFO] - Save image label box: static\result\2019-05-07_105050_57538009_436429520450363_5271064713562685440_n.png
[2019-05-07 10:56:29,693] - [INFO] - Run model YOLO with image: static\uploads\2019-05-07_105539_bien-so-xe-may-dep-14.jpg
[2019-05-07 10:57:43,656] - [INFO] - Save image label box: static\result\2019-05-07_105539_bien-so-xe-may-dep-14.png
[2019-05-07 11:10:10,500] - [INFO] - Run model YOLO with image: static\uploads\2019-05-07_110945_57538009_436429520450363_5271064713562685440_n.jpg
[2019-05-07 11:10:27,018] - [INFO] - Save image label box: static\result\2019-05-07_110945_57538009_436429520450363_5271064713562685440_n.png
[2019-05-07 11:15:48,310] - [INFO] - Run model YOLO with image: static\uploads\2019-05-07_111522_bien-so-xe-may-dep-14.jpg
[2019-05-07 11:16:30,630] - [INFO] - Save image label box: static\result\2019-05-07_111522_bien-so-xe-may-dep-14.png
[2019-05-07 13:11:36,242] - [INFO] - Run model YOLO with image: static\uploads\2019-05-07_131112_57538009_436429520450363_5271064713562685440_n.jpg
[2019-05-07 13:11:51,721] - [ERROR] - Don't open image: static\uploads\2019-05-07_131112_57538009_436429520450363_5271064713562685440_n.jpg
[2019-05-07 13:40:28,404] - [INFO] - Run model YOLO with image: static\uploads\2019-05-07_132605_57538009_436429520450363_5271064713562685440_n.jpg
[2019-05-07 13:40:45,156] - [ERROR] - Don't open image: static\uploads\2019-05-07_132605_57538009_436429520450363_5271064713562685440_n.jpg
[2019-05-07 13:44:47,960] - [INFO] - Run model YOLO with image: static\uploads\2019-05-07_134419_57538009_436429520450363_5271064713562685440_n.jpg
[2019-05-07 13:44:54,345] - [INFO] - Save image label box: static\result\2019-05-07_134419_57538009_436429520450363_5271064713562685440_n.png
[2019-05-07 13:45:04,920] - [ERROR] - Don't open image: static\uploads\2019-05-07_134419_57538009_436429520450363_5271064713562685440_n.jpg
[2019-05-07 13:51:52,499] - [INFO] - Run model YOLO with image: static\uploads\2019-05-07_135128_57538009_436429520450363_5271064713562685440_n.jpg
[2019-05-07 13:51:57,997] - [INFO] - Save image label box: static\result\2019-05-07_135128_57538009_436429520450363_5271064713562685440_n.png
[2019-05-07 13:52:06,456] - [ERROR] - Don't open image: static\uploads\2019-05-07_135128_57538009_436429520450363_5271064713562685440_n.jpg
[2019-05-07 13:59:18,725] - [INFO] - Run model YOLO with image: static\uploads\2019-05-07_135856_57538009_436429520450363_5271064713562685440_n.jpg
[2019-05-07 13:59:24,194] - [INFO] - Save image label box: static\result\2019-05-07_135856_57538009_436429520450363_5271064713562685440_n.png
[2019-05-07 13:59:32,822] - [ERROR] - Don't open image: static\uploads\2019-05-07_135856_57538009_436429520450363_5271064713562685440_n.jpg
[2019-05-07 14:03:00,546] - [INFO] - Run model YOLO with image: static\uploads\2019-05-07_140230_57538009_436429520450363_5271064713562685440_n.jpg
[2019-05-07 14:03:07,022] - [INFO] - Save image label box: static\result\2019-05-07_140230_57538009_436429520450363_5271064713562685440_n.png
[2019-05-07 14:03:30,087] - [ERROR] - Don't open image: static\uploads\2019-05-07_140230_57538009_436429520450363_5271064713562685440_n.jpg
[2019-05-07 14:06:43,445] - [INFO] - Run model YOLO with image: static\uploads\2019-05-07_140613_57538009_436429520450363_5271064713562685440_n.jpg
[2019-05-07 14:06:49,099] - [INFO] - Save image label box: static\result\2019-05-07_140613_57538009_436429520450363_5271064713562685440_n.png
[2019-05-07 14:07:00,650] - [ERROR] - Don't open image: static\uploads\2019-05-07_140613_57538009_436429520450363_5271064713562685440_n.jpg
[2019-05-07 14:12:06,858] - [INFO] - Run model YOLO with image: static\uploads\2019-05-07_141136_57538009_436429520450363_5271064713562685440_n.jpg
[2019-05-07 14:12:14,053] - [INFO] - Save image label box: static\result\2019-05-07_141136_57538009_436429520450363_5271064713562685440_n.png
[2019-05-07 14:12:26,674] - [ERROR] - Don't open image: static\uploads\2019-05-07_141136_57538009_436429520450363_5271064713562685440_n.jpg
[2019-05-07 14:16:14,954] - [INFO] - Run model YOLO with image: static\uploads\2019-05-07_141546_57538009_436429520450363_5271064713562685440_n.jpg
[2019-05-07 14:16:21,252] - [INFO] - Save image label box: static\result\2019-05-07_141546_57538009_436429520450363_5271064713562685440_n.png
[2019-05-07 14:16:35,573] - [ERROR] - Don't open image: static\uploads\2019-05-07_141546_57538009_436429520450363_5271064713562685440_n.jpg
[2019-05-07 14:25:51,411] - [INFO] - Run model YOLO with image: static\uploads\2019-05-07_142522_57538009_436429520450363_5271064713562685440_n.jpg
[2019-05-07 14:25:58,793] - [INFO] - Save image label box: static\result\2019-05-07_142522_57538009_436429520450363_5271064713562685440_n.png
[2019-05-07 14:25:59,081] - [ERROR] - Don't open image: static\uploads\2019-05-07_142522_57538009_436429520450363_5271064713562685440_n.jpg
[2019-05-07 14:43:59,875] - [INFO] - Run model YOLO with image: static\uploads\2019-05-07_144333_57538009_436429520450363_5271064713562685440_n.jpg
[2019-05-07 14:44:05,921] - [INFO] - Save image label box: static\result\2019-05-07_144333_57538009_436429520450363_5271064713562685440_n.png
[2019-05-07 14:46:25,140] - [INFO] - Run model YOLO with image: static\uploads\2019-05-07_144604_57538009_436429520450363_5271064713562685440_n.jpg
[2019-05-07 14:46:30,125] - [ERROR] - Don't open image: static\uploads\2019-05-07_144604_57538009_436429520450363_5271064713562685440_n.jpg
[2019-05-07 14:48:38,835] - [INFO] - Run model YOLO with image: static\uploads\2019-05-07_144813_57538009_436429520450363_5271064713562685440_n.jpg
[2019-05-07 14:48:56,056] - [INFO] - Save image label box: static\result\2019-05-07_144813_57538009_436429520450363_5271064713562685440_n.png
[2019-05-07 15:06:01,517] - [INFO] - Run model YOLO with image: static\uploads\2019-05-07_150530_57538009_436429520450363_5271064713562685440_n.jpg
[2019-05-07 15:06:17,888] - [ERROR] - Don't open image: static\uploads\2019-05-07_150530_57538009_436429520450363_5271064713562685440_n.jpg
[2019-05-07 15:08:16,284] - [INFO] - Run model YOLO with image: static\uploads\2019-05-07_150746_57538009_436429520450363_5271064713562685440_n.jpg
[2019-05-07 15:08:47,212] - [INFO] - Save image label box: static\result\2019-05-07_150746_57538009_436429520450363_5271064713562685440_n.png
[2019-05-07 15:11:40,351] - [INFO] - Run model YOLO with image: static\uploads\2019-05-07_151112_57538009_436429520450363_5271064713562685440_n.jpg
[2019-05-07 15:12:04,207] - [ERROR] - Don't open image: static\uploads\2019-05-07_151112_57538009_436429520450363_5271064713562685440_n.jpg
[2019-05-07 15:15:30,437] - [INFO] - Run model YOLO with image: static\uploads\2019-05-07_151459_57538009_436429520450363_5271064713562685440_n.jpg
[2019-05-07 15:15:49,769] - [ERROR] - Don't open image: static\uploads\2019-05-07_151459_57538009_436429520450363_5271064713562685440_n.jpg
[2019-05-07 15:24:05,372] - [INFO] - Run model YOLO with image: static\uploads\2019-05-07_152334_57538009_436429520450363_5271064713562685440_n.jpg
[2019-05-07 15:24:23,403] - [INFO] - Save image label box: static\result\2019-05-07_152334_57538009_436429520450363_5271064713562685440_n.png
[2019-05-07 15:34:05,392] - [INFO] - Run model YOLO with image: static\uploads\2019-05-07_153337_57538009_436429520450363_5271064713562685440_n.jpg
[2019-05-07 15:34:23,567] - [ERROR] - Don't open image: static\uploads\2019-05-07_153337_57538009_436429520450363_5271064713562685440_n.jpg
[2019-05-07 15:37:56,600] - [INFO] - Run model YOLO with image: static\uploads\2019-05-07_153729_57538009_436429520450363_5271064713562685440_n.jpg
[2019-05-07 15:38:16,245] - [INFO] - Save image label box: static\result\2019-05-07_153729_57538009_436429520450363_5271064713562685440_n.png
[2019-05-07 16:23:58,188] - [INFO] - Run model YOLO with image: static\uploads\2019-05-07_162335_57538009_436429520450363_5271064713562685440_n.jpg
[2019-05-07 16:24:10,596] - [INFO] - Save image label box: static\result\2019-05-07_162335_57538009_436429520450363_5271064713562685440_n.png
[2019-05-07 16:25:18,234] - [INFO] - Run model YOLO with image: static\uploads\2019-05-07_162456_bien-so-xe-may-dep-14.jpg
[2019-05-07 16:25:31,126] - [INFO] - Save image label box: static\result\2019-05-07_162456_bien-so-xe-may-dep-14.png
[2019-05-07 16:27:07,265] - [INFO] - Run model YOLO with image: static\uploads\2019-05-07_162645_51861056_1766177140155057_7402078463357616128_n.jpg
[2019-05-07 16:27:19,101] - [INFO] - Save image label box: static\result\2019-05-07_162645_51861056_1766177140155057_7402078463357616128_n.png
[2019-05-07 16:27:59,286] - [INFO] - Run model YOLO with image: static\uploads\2019-05-07_162738_51146942_387765635118424_3362895556669079552_n.jpg
[2019-05-07 16:28:11,992] - [INFO] - Save image label box: static\result\2019-05-07_162738_51146942_387765635118424_3362895556669079552_n.png
[2019-05-09 09:55:49,323] - [INFO] - Run model YOLO with image: static\uploads\2019-05-09_095523_59667907_292668028328117_4509002983991672832_n.jpg
[2019-05-09 09:56:05,002] - [INFO] - Save image label box: static\result\2019-05-09_095523_59667907_292668028328117_4509002983991672832_n.png
[2019-05-09 10:13:16,192] - [INFO] - Run model YOLO with image: static\uploads\2019-05-09_101248_57538009_436429520450363_5271064713562685440_n.jpg
[2019-05-09 10:13:36,212] - [INFO] - Save image label box: static\result\2019-05-09_101248_57538009_436429520450363_5271064713562685440_n.png
[2019-05-09 10:30:20,563] - [INFO] - Run model YOLO with image: static\uploads\2019-05-09_102956_57538009_436429520450363_5271064713562685440_n.jpg
[2019-05-09 10:30:46,218] - [INFO] - Save image label box: static\result\2019-05-09_102956_57538009_436429520450363_5271064713562685440_n.png
[2019-05-09 14:37:48,216] - [INFO] - Run model YOLO with image: static\uploads\2019-05-09_143723_57538009_436429520450363_5271064713562685440_n.jpg
[2019-05-09 14:38:03,989] - [INFO] - Save image label box: static\result\2019-05-09_143723_57538009_436429520450363_5271064713562685440_n.png
[2019-05-09 14:40:13,160] - [INFO] - Run model YOLO with image: static\uploads\2019-05-09_143950_57538009_436429520450363_5271064713562685440_n.jpg
[2019-05-09 14:40:29,346] - [INFO] - Save image label box: static\result\2019-05-09_143950_57538009_436429520450363_5271064713562685440_n.png
[2019-05-10 10:44:46,738] - [INFO] - Run model YOLO with image: static\uploads\2019-05-10_104422_bien-so-xe-may-dep-14.jpg
[2019-05-10 10:45:04,704] - [INFO] - Save image label box: static\result\2019-05-10_104422_bien-so-xe-may-dep-14.png
[2019-05-10 10:45:42,603] - [INFO] - Run model YOLO with image: static\uploads\2019-05-10_104518_51146942_387765635118424_3362895556669079552_n.jpg
[2019-05-10 10:46:04,824] - [INFO] - Save image label box: static\result\2019-05-10_104518_51146942_387765635118424_3362895556669079552_n.png
[2019-05-10 10:47:37,046] - [INFO] - Run model YOLO with image: static\uploads\2019-05-10_104716_bien-so_hcaj_thumb.jpg
[2019-05-10 10:47:57,200] - [INFO] - Save image label box: static\result\2019-05-10_104716_bien-so_hcaj_thumb.png
[2019-05-10 10:49:07,453] - [INFO] - Run model YOLO with image: static\uploads\2019-05-10_104845_51146942_387765635118424_3362895556669079552_n.jpg
[2019-05-10 10:49:26,403] - [INFO] - Save image label box: static\result\2019-05-10_104845_51146942_387765635118424_3362895556669079552_n.png
[2019-05-10 10:53:16,047] - [INFO] - Run model YOLO with image: static\uploads\2019-05-10_105254_51146942_387765635118424_3362895556669079552_n.jpg
[2019-05-10 10:53:36,148] - [INFO] - Save image label box: static\result\2019-05-10_105254_51146942_387765635118424_3362895556669079552_n.png
[2019-05-10 10:55:25,595] - [INFO] - Run model YOLO with image: static\uploads\2019-05-10_105503_51146942_387765635118424_3362895556669079552_n.jpg
[2019-05-10 10:55:43,498] - [INFO] - Save image label box: static\result\2019-05-10_105503_51146942_387765635118424_3362895556669079552_n.png
[2019-05-10 10:57:24,917] - [INFO] - Run model YOLO with image: static\uploads\2019-05-10_105704_bien-so-xe-may-dep-14.jpg
[2019-05-10 10:57:39,914] - [INFO] - Save image label box: static\result\2019-05-10_105704_bien-so-xe-may-dep-14.png
[2019-05-10 10:58:55,749] - [INFO] - Run model YOLO with image: static\uploads\2019-05-10_105834_bien-so_hcaj_thumb.jpg
[2019-05-10 10:59:08,417] - [INFO] - Save image label box: static\result\2019-05-10_105834_bien-so_hcaj_thumb.png
[2019-05-10 11:00:59,023] - [INFO] - Run model YOLO with image: static\uploads\2019-05-10_110037_51146942_387765635118424_3362895556669079552_n.jpg
[2019-05-10 11:01:17,577] - [INFO] - Save image label box: static\result\2019-05-10_110037_51146942_387765635118424_3362895556669079552_n.png
[2019-05-10 11:01:56,588] - [INFO] - Run model YOLO with image: static\uploads\2019-05-10_110135_bien-so-xe-may-dep-14.jpg
[2019-05-10 11:02:12,615] - [INFO] - Save image label box: static\result\2019-05-10_110135_bien-so-xe-may-dep-14.png
[2019-05-10 11:03:13,737] - [INFO] - Run model YOLO with image: static\uploads\2019-05-10_110252_bien-so_hcaj_thumb.jpg
[2019-05-10 11:03:26,213] - [INFO] - Save image label box: static\result\2019-05-10_110252_bien-so_hcaj_thumb.png
[2019-05-10 11:04:07,125] - [INFO] - Run model YOLO with image: static\uploads\2019-05-10_110345_51861056_1766177140155057_7402078463357616128_n.jpg
[2019-05-10 11:04:22,857] - [INFO] - Save image label box: static\result\2019-05-10_110345_51861056_1766177140155057_7402078463357616128_n.png
[2019-05-10 11:06:30,070] - [INFO] - Run model YOLO with image: static\uploads\2019-05-10_110608_a2.jpg
[2019-05-10 11:06:47,075] - [INFO] - Save image label box: static\result\2019-05-10_110608_a2.png
[2019-05-10 12:55:50,861] - [INFO] - Run model YOLO with image: static\uploads\2019-05-10_125528_59817839_1142919679213415_1583232250768523264_n.jpg
[2019-05-10 12:56:08,705] - [INFO] - Save image label box: static\result\2019-05-10_125528_59817839_1142919679213415_1583232250768523264_n.png
[2019-05-10 12:56:58,399] - [INFO] - Run model YOLO with image: static\uploads\2019-05-10_125636_59885959_409758439577028_7947224286983356416_n.jpg
[2019-05-10 12:57:10,942] - [INFO] - Save image label box: static\result\2019-05-10_125636_59885959_409758439577028_7947224286983356416_n.png
[2019-05-10 12:57:50,771] - [INFO] - Run model YOLO with image: static\uploads\2019-05-10_125729_59844167_353699231933079_1656065468655468544_n.jpg
[2019-05-10 12:58:06,825] - [INFO] - Save image label box: static\result\2019-05-10_125729_59844167_353699231933079_1656065468655468544_n.png
[2019-05-10 12:58:51,005] - [INFO] - Run model YOLO with image: static\uploads\2019-05-10_125829_51861056_1766177140155057_7402078463357616128_n.jpg
[2019-05-10 12:59:05,136] - [INFO] - Save image label box: static\result\2019-05-10_125829_51861056_1766177140155057_7402078463357616128_n.png
[2019-05-10 13:01:40,764] - [INFO] - Run model YOLO with image: static\uploads\2019-05-10_130112_51861056_1766177140155057_7402078463357616128_n.jpg
[2019-05-10 13:01:57,087] - [INFO] - Save image label box: static\result\2019-05-10_130112_51861056_1766177140155057_7402078463357616128_n.png
[2019-05-10 13:04:19,041] - [INFO] - Run model YOLO with image: static\uploads\2019-05-10_130348_60029071_2231510206934060_3332218954620862464_n.jpg
[2019-05-10 13:04:44,677] - [INFO] - Save image label box: static\result\2019-05-10_130348_60029071_2231510206934060_3332218954620862464_n.png
[2019-05-10 13:06:44,888] - [INFO] - Run model YOLO with image: static\uploads\2019-05-10_130622_57538009_436429520450363_5271064713562685440_n.jpg
[2019-05-10 13:07:00,041] - [INFO] - Save image label box: static\result\2019-05-10_130622_57538009_436429520450363_5271064713562685440_n.png
[2019-05-10 13:07:57,168] - [INFO] - Run model YOLO with image: static\uploads\2019-05-10_130734_a2.jpg
[2019-05-10 13:08:15,411] - [INFO] - Save image label box: static\result\2019-05-10_130734_a2.png
[2019-05-10 13:09:09,432] - [INFO] - Run model YOLO with image: static\uploads\2019-05-10_130847_60009946_596721280834608_6838277754224377856_n.jpg
[2019-05-10 13:09:24,779] - [INFO] - Save image label box: static\result\2019-05-10_130847_60009946_596721280834608_6838277754224377856_n.png
[2019-05-10 13:10:26,375] - [INFO] - Run model YOLO with image: static\uploads\2019-05-10_131001_51861056_1766177140155057_7402078463357616128_n.jpg
[2019-05-10 13:10:43,128] - [INFO] - Save image label box: static\result\2019-05-10_131001_51861056_1766177140155057_7402078463357616128_n.png
[2019-05-10 13:12:35,483] - [INFO] - Run model YOLO with image: static\uploads\2019-05-10_131210_nrln6f0kto5jv.jpg
[2019-05-10 13:12:52,971] - [INFO] - Save image label box: static\result\2019-05-10_131210_nrln6f0kto5jv.png
[2019-05-10 13:13:55,846] - [INFO] - Run model YOLO with image: static\uploads\2019-05-10_131333_maxresdefault.jpg
[2019-05-10 13:14:12,772] - [INFO] - Save image label box: static\result\2019-05-10_131333_maxresdefault.png
[2019-05-10 13:50:50,494] - [INFO] - Run model YOLO with image: static\uploads\2019-05-10_135023_57538009_436429520450363_5271064713562685440_n.jpg
[2019-05-10 13:51:06,772] - [INFO] - Save image label box: static\result\2019-05-10_135023_57538009_436429520450363_5271064713562685440_n.png
[2019-05-10 14:50:22,254] - [INFO] - Run model YOLO with image: static\uploads\2019-05-10_144957_untitled.png
[2019-05-10 14:50:38,981] - [INFO] - Save image label box: static\result\2019-05-10_144957_untitled.png
[2019-05-10 14:52:20,882] - [INFO] - Run model YOLO with image: static\uploads\2019-05-10_145156_untitled.png
[2019-05-10 14:52:36,954] - [INFO] - Save image label box: static\result\2019-05-10_145156_untitled.png
[2019-05-11 18:56:18,310] - [INFO] - Run model YOLO with image: static\uploads\2019-05-11_185550_57538009_436429520450363_5271064713562685440_n.jpg
[2019-05-11 18:56:37,300] - [INFO] - Save image label box: static\result\2019-05-11_185550_57538009_436429520450363_5271064713562685440_n.png
[2019-05-11 23:13:08,226] - [INFO] - Run model YOLO with image: static\uploads\2019-05-11_231245_bien-so-xe-may-dep-14.jpg
[2019-05-11 23:13:24,389] - [INFO] - Save image label box: static\result\2019-05-11_231245_bien-so-xe-may-dep-14.png
[2019-05-11 23:16:34,041] - [INFO] - Run model YOLO with image: static\uploads\2019-05-11_231608_bien-so-xe-may-dep-14.jpg
[2019-05-11 23:16:53,418] - [INFO] - Save image label box: static\result\2019-05-11_231608_bien-so-xe-may-dep-14.png
[2019-05-12 00:02:40,417] - [INFO] - Run model YOLO with image: static\uploads\2019-05-12_000219_bien-so-xe-may-dep-14.jpg
[2019-05-12 00:02:55,855] - [INFO] - Save image label box: static\result\2019-05-12_000219_bien-so-xe-may-dep-14.png
[2019-05-18 12:02:00,233] - [INFO] - Run model YOLO with image: static\uploads\2019-05-18_120136_57538009_436429520450363_5271064713562685440_n.jpg
[2019-05-18 12:02:16,079] - [INFO] - Save image label box: static\result\2019-05-18_120136_57538009_436429520450363_5271064713562685440_n.png
